
------ Insert Sort ------

Vector is sorted. OK :-)

Sorting time: 0.000000 seconds.

Comparisons: 45
Swaps: 0
Moves: 45
Value Gets: 9
Value Sets: 9

------ Shell Sort ------
h: 3
9 8 7 6 5 4 3 2 1 0 
6 . . 9 . . . . . . 
3 . . 6 . . 9 . . . 
0 . . 3 . . 6 . . 9 

0 8 7 3 5 4 6 2 1 9 
. 5 . . 8 . . . . . 
. 2 . . 5 . . 8 . . 

0 2 7 3 5 4 6 8 1 9 
. . 4 . . 7 . . . . 
. . 1 . . 4 . . 7 . 

h: 1
0 2 1 3 5 4 6 8 7 9 
0 2 . . . . . . . . 
0 1 2 . . . . . . . 
0 1 2 3 . . . . . . 
0 1 2 3 5 . . . . . 
0 1 2 3 4 5 . . . . 
0 1 2 3 4 5 6 . . . 
0 1 2 3 4 5 6 8 . . 
0 1 2 3 4 5 6 7 8 . 
0 1 2 3 4 5 6 7 8 9 


Vector is sorted. OK :-)

Sorting time: 0.000000 seconds.

Comparisons: 24
Swaps: 0
Moves: 15
Value Gets: 16
Value Sets: 16

------ Quick Sort ------
9 8 7 6 5 4 3 2 1 0 
0 1 2 3 4 . . . . . 
0 1 . . . . . . . . 
. . . 3 4 . . . . . 
. . . . . 5 6 7 8 9 
. . . . . 5 6 . . . 
. . . . . . . . 8 9 

Vector is sorted. OK :-)

Sorting time: 0.000000 seconds.

Comparisons: 34
Swaps: 11
Moves: 0
Value Gets: 7
Value Sets: 0
