
------ Insert Sort ------

Vector is sorted. OK :-)

Sorting time: 0.000000 seconds.

Operations using positions:
 Comparisons: 42
 Swaps: 0
 Moves: 41
 Value Gets: 9
 Value Sets: 9

Operations using iterators:
 Comparisons: 0
 Swaps: 0
 Moves: 0
 Value Gets: 0
 Value Sets: 0

------ Shell Sort ------
h: 3
8 7 6 5 9 4 3 2 1 0 
5 . . 8 . . . . . . 
3 . . 5 . . 8 . . . 
0 . . 3 . . 5 . . 8 

0 7 6 3 9 4 5 2 1 8 
. 7 . . 9 . . . . . 
. 2 . . 7 . . 9 . . 

0 2 6 3 7 4 5 9 1 8 
. . 4 . . 6 . . . . 
. . 1 . . 4 . . 6 . 

h: 1
0 2 1 3 7 4 5 9 6 8 
0 2 . . . . . . . . 
0 1 2 . . . . . . . 
0 1 2 3 . . . . . . 
0 1 2 3 7 . . . . . 
0 1 2 3 4 7 . . . . 
0 1 2 3 4 5 7 . . . 
0 1 2 3 4 5 7 9 . . 
0 1 2 3 4 5 6 7 9 . 
0 1 2 3 4 5 6 7 8 9 


Vector is sorted. OK :-)

Sorting time: 0.000000 seconds.

Operations using positions:
 Comparisons: 27
 Swaps: 0
 Moves: 17
 Value Gets: 16
 Value Sets: 16

Operations using iterators:
 Comparisons: 0
 Swaps: 0
 Moves: 0
 Value Gets: 0
 Value Sets: 0

------ Quick Sort ------
8 7 6 5 9 4 3 2 1 0 
8 7 6 5 0 4 3 2 1 . 
. 7 6 5 8 4 3 2 1 . 
. 7 6 5 1 4 3 2 . . 
. . 6 5 7 4 3 2 . . 
. . 6 5 2 4 3 . . . 
. . . 5 6 4 3 . . . 
. . . 5 3 4 . . . . 
. . . . 5 4 . . . . 

Vector is sorted. OK :-)

Sorting time: 0.000000 seconds.

Operations using positions:
 Comparisons: 68
 Swaps: 9
 Moves: 0
 Value Gets: 9
 Value Sets: 0

Operations using iterators:
 Comparisons: 0
 Swaps: 0
 Moves: 0
 Value Gets: 0
 Value Sets: 0

------ Quick Sort with span ------
8 7 6 5 9 4 3 2 1 0 
8 7 6 5 0 4 3 2 1 . 
. 7 6 5 8 4 3 2 1 . 
. 7 6 5 1 4 3 2 . . 
. . 6 5 7 4 3 2 . . 
. . 6 5 2 4 3 . . . 
. . . 5 6 4 3 . . . 
. . . 5 3 4 . . . . 
. . . . 5 4 . . . . 

Vector is sorted. OK :-)

Sorting time: 0.000000 seconds.

Operations using positions:
 Comparisons: 68
 Swaps: 9
 Moves: 0
 Value Gets: 9
 Value Sets: 0

Operations using iterators:
 Comparisons: 0
 Swaps: 0
 Moves: 0
 Value Gets: 54
 Value Sets: 0
